Analysis & Synthesis report for DUT
Sun Sep 19 01:35:57 2021
Quartus Prime Version 20.1.1 Build 720 11/11/2020 SJ Lite Edition


---------------------
; Table of Contents ;
---------------------
  1. Legal Notice
  2. Analysis & Synthesis Summary
  3. Analysis & Synthesis Settings
  4. Parallel Compilation
  5. Analysis & Synthesis Source Files Read
  6. Analysis & Synthesis Resource Usage Summary
  7. Analysis & Synthesis Resource Utilization by Entity
  8. General Register Statistics
  9. Multiplexer Restructuring Statistics (Restructuring Performed)
 10. Port Connectivity Checks: "us:add_instance|right_1:part4|mux:\n1_bit:7:msb:m2"
 11. Port Connectivity Checks: "us:add_instance|right_2:part3|mux:\n2_bit:7:msb:m2"
 12. Port Connectivity Checks: "us:add_instance|right_2:part3|mux:\n2_bit:6:msb:m2"
 13. Port Connectivity Checks: "us:add_instance|right_4:part2|mux:\n1_bit:7:msb:m2"
 14. Port Connectivity Checks: "us:add_instance|right_4:part2|mux:\n1_bit:6:msb:m2"
 15. Port Connectivity Checks: "us:add_instance|right_4:part2|mux:\n1_bit:5:msb:m2"
 16. Port Connectivity Checks: "us:add_instance|right_4:part2|mux:\n1_bit:4:msb:m2"
 17. Analysis & Synthesis Messages



----------------
; Legal Notice ;
----------------
Copyright (C) 2020  Intel Corporation. All rights reserved.
Your use of Intel Corporation's design tools, logic functions 
and other software and tools, and any partner logic 
functions, and any output files from any of the foregoing 
(including device programming or simulation files), and any 
associated documentation or information are expressly subject 
to the terms and conditions of the Intel Program License 
Subscription Agreement, the Intel Quartus Prime License Agreement,
the Intel FPGA IP License Agreement, or other applicable license
agreement, including, without limitation, that your use is for
the sole purpose of programming logic devices manufactured by
Intel and sold by Intel or its authorized distributors.  Please
refer to the applicable agreement for further details, at
https://fpgasoftware.intel.com/eula.



+---------------------------------------------------------------------------+
; Analysis & Synthesis Summary                                              ;
+-----------------------------+---------------------------------------------+
; Analysis & Synthesis Status ; Successful - Sun Sep 19 01:35:57 2021       ;
; Quartus Prime Version       ; 20.1.1 Build 720 11/11/2020 SJ Lite Edition ;
; Revision Name               ; DUT                                         ;
; Top-level Entity Name       ; DUT                                         ;
; Family                      ; MAX V                                       ;
; Total logic elements        ; 39                                          ;
; Total pins                  ; 20                                          ;
; Total virtual pins          ; 0                                           ;
; UFM blocks                  ; 0 / 1 ( 0 % )                               ;
+-----------------------------+---------------------------------------------+


+------------------------------------------------------------------------------------------------------------+
; Analysis & Synthesis Settings                                                                              ;
+------------------------------------------------------------------+--------------------+--------------------+
; Option                                                           ; Setting            ; Default Value      ;
+------------------------------------------------------------------+--------------------+--------------------+
; Device                                                           ; 5M1270ZT144C5      ;                    ;
; Top-level entity name                                            ; DUT                ; DUT                ;
; Family name                                                      ; MAX V              ; Cyclone V          ;
; Use smart compilation                                            ; Off                ; Off                ;
; Enable parallel Assembler and Timing Analyzer during compilation ; On                 ; On                 ;
; Enable compact report table                                      ; Off                ; Off                ;
; Restructure Multiplexers                                         ; Auto               ; Auto               ;
; Create Debugging Nodes for IP Cores                              ; Off                ; Off                ;
; Preserve fewer node names                                        ; On                 ; On                 ;
; Intel FPGA IP Evaluation Mode                                    ; Enable             ; Enable             ;
; Verilog Version                                                  ; Verilog_2001       ; Verilog_2001       ;
; VHDL Version                                                     ; VHDL_1993          ; VHDL_1993          ;
; State Machine Processing                                         ; Auto               ; Auto               ;
; Safe State Machine                                               ; Off                ; Off                ;
; Extract Verilog State Machines                                   ; On                 ; On                 ;
; Extract VHDL State Machines                                      ; On                 ; On                 ;
; Ignore Verilog initial constructs                                ; Off                ; Off                ;
; Iteration limit for constant Verilog loops                       ; 5000               ; 5000               ;
; Iteration limit for non-constant Verilog loops                   ; 250                ; 250                ;
; Add Pass-Through Logic to Inferred RAMs                          ; On                 ; On                 ;
; Infer RAMs from Raw Logic                                        ; On                 ; On                 ;
; Parallel Synthesis                                               ; On                 ; On                 ;
; NOT Gate Push-Back                                               ; On                 ; On                 ;
; Power-Up Don't Care                                              ; On                 ; On                 ;
; Remove Redundant Logic Cells                                     ; Off                ; Off                ;
; Remove Duplicate Registers                                       ; On                 ; On                 ;
; Ignore CARRY Buffers                                             ; Off                ; Off                ;
; Ignore CASCADE Buffers                                           ; Off                ; Off                ;
; Ignore GLOBAL Buffers                                            ; Off                ; Off                ;
; Ignore ROW GLOBAL Buffers                                        ; Off                ; Off                ;
; Ignore LCELL Buffers                                             ; Off                ; Off                ;
; Ignore SOFT Buffers                                              ; On                 ; On                 ;
; Limit AHDL Integers to 32 Bits                                   ; Off                ; Off                ;
; Optimization Technique                                           ; Balanced           ; Balanced           ;
; Carry Chain Length                                               ; 70                 ; 70                 ;
; Auto Carry Chains                                                ; On                 ; On                 ;
; Auto Open-Drain Pins                                             ; On                 ; On                 ;
; Perform WYSIWYG Primitive Resynthesis                            ; Off                ; Off                ;
; Auto Shift Register Replacement                                  ; Auto               ; Auto               ;
; Allow Shift Register Merging across Hierarchies                  ; Auto               ; Auto               ;
; Auto Clock Enable Replacement                                    ; On                 ; On                 ;
; Allow Synchronous Control Signals                                ; On                 ; On                 ;
; Force Use of Synchronous Clear Signals                           ; Off                ; Off                ;
; Auto Resource Sharing                                            ; Off                ; Off                ;
; Use LogicLock Constraints during Resource Balancing              ; On                 ; On                 ;
; Ignore translate_off and synthesis_off directives                ; Off                ; Off                ;
; Report Parameter Settings                                        ; On                 ; On                 ;
; Report Source Assignments                                        ; On                 ; On                 ;
; Report Connectivity Checks                                       ; On                 ; On                 ;
; Ignore Maximum Fan-Out Assignments                               ; Off                ; Off                ;
; Synchronization Register Chain Length                            ; 2                  ; 2                  ;
; Power Optimization During Synthesis                              ; Normal compilation ; Normal compilation ;
; HDL message level                                                ; Level2             ; Level2             ;
; Suppress Register Optimization Related Messages                  ; Off                ; Off                ;
; Number of Removed Registers Reported in Synthesis Report         ; 5000               ; 5000               ;
; Number of Swept Nodes Reported in Synthesis Report               ; 5000               ; 5000               ;
; Number of Inverted Registers Reported in Synthesis Report        ; 100                ; 100                ;
; Clock MUX Protection                                             ; On                 ; On                 ;
; Block Design Naming                                              ; Auto               ; Auto               ;
; Synthesis Effort                                                 ; Auto               ; Auto               ;
; Shift Register Replacement - Allow Asynchronous Clear Signal     ; On                 ; On                 ;
; Analysis & Synthesis Message Level                               ; Medium             ; Medium             ;
; Disable Register Merging Across Hierarchies                      ; Auto               ; Auto               ;
+------------------------------------------------------------------+--------------------+--------------------+


+------------------------------------------+
; Parallel Compilation                     ;
+----------------------------+-------------+
; Processors                 ; Number      ;
+----------------------------+-------------+
; Number detected on machine ; 8           ;
; Maximum allowed            ; 4           ;
;                            ;             ;
; Average used               ; 1.00        ;
; Maximum used               ; 1           ;
;                            ;             ;
; Usage by Processor         ; % Time Used ;
;     Processor 1            ; 100.0%      ;
+----------------------------+-------------+


+------------------------------------------------------------------------------------------------------------------------------+
; Analysis & Synthesis Source Files Read                                                                                       ;
+----------------------------------+-----------------+-----------------+---------------------------------------------+---------+
; File Name with User-Entered Path ; Used in Netlist ; File Type       ; File Name with Absolute Path                ; Library ;
+----------------------------------+-----------------+-----------------+---------------------------------------------+---------+
; DUT.vhd                          ; yes             ; User VHDL File  ; C:/Users/hp/Desktop/shifter/DUT.vhd         ;         ;
; gates.vhd                        ; yes             ; User VHDL File  ; C:/Users/hp/Desktop/shifter/gates.vhd       ;         ;
; mux.vhd                          ; yes             ; User VHDL File  ; C:/Users/hp/Desktop/shifter/mux.vhd         ;         ;
; right_1.vhd                      ; yes             ; User VHDL File  ; C:/Users/hp/Desktop/shifter/right_1.vhd     ;         ;
; right_2.vhd                      ; yes             ; User VHDL File  ; C:/Users/hp/Desktop/shifter/right_2.vhd     ;         ;
; right_4.vhd                      ; yes             ; User VHDL File  ; C:/Users/hp/Desktop/shifter/right_4.vhd     ;         ;
; bitreversal.vhd                  ; yes             ; User VHDL File  ; C:/Users/hp/Desktop/shifter/bitreversal.vhd ;         ;
; us.vhd                           ; yes             ; User VHDL File  ; C:/Users/hp/Desktop/shifter/us.vhd          ;         ;
+----------------------------------+-----------------+-----------------+---------------------------------------------+---------+


+----------------------------------------------------------------+
; Analysis & Synthesis Resource Usage Summary                    ;
+---------------------------------------------+------------------+
; Resource                                    ; Usage            ;
+---------------------------------------------+------------------+
; Total logic elements                        ; 39               ;
;     -- Combinational with no register       ; 39               ;
;     -- Register only                        ; 0                ;
;     -- Combinational with a register        ; 0                ;
;                                             ;                  ;
; Logic element usage by number of LUT inputs ;                  ;
;     -- 4 input functions                    ; 17               ;
;     -- 3 input functions                    ; 21               ;
;     -- 2 input functions                    ; 1                ;
;     -- 1 input functions                    ; 0                ;
;     -- 0 input functions                    ; 0                ;
;                                             ;                  ;
; Logic elements by mode                      ;                  ;
;     -- normal mode                          ; 39               ;
;     -- arithmetic mode                      ; 0                ;
;     -- qfbk mode                            ; 0                ;
;     -- register cascade mode                ; 0                ;
;     -- synchronous clear/load mode          ; 0                ;
;     -- asynchronous clear/load mode         ; 0                ;
;                                             ;                  ;
; Total registers                             ; 0                ;
; I/O pins                                    ; 20               ;
; Maximum fan-out node                        ; input_vector[11] ;
; Maximum fan-out                             ; 17               ;
; Total fan-out                               ; 141              ;
; Average fan-out                             ; 2.39             ;
+---------------------------------------------+------------------+


+-------------------------------------------------------------------------------------------------------------------------------------------------------------------------------------------------------------------------------------------------------------------------------------------+
; Analysis & Synthesis Resource Utilization by Entity                                                                                                                                                                                                                                       ;
+----------------------------------+-------------+--------------+------------+------+--------------+--------------+-------------------+------------------+-----------------+------------+----------------------------------------------------------------------+-------------+--------------+
; Compilation Hierarchy Node       ; Logic Cells ; LC Registers ; UFM Blocks ; Pins ; Virtual Pins ; LUT-Only LCs ; Register-Only LCs ; LUT/Register LCs ; Carry Chain LCs ; Packed LCs ; Full Hierarchy Name                                                  ; Entity Name ; Library Name ;
+----------------------------------+-------------+--------------+------------+------+--------------+--------------+-------------------+------------------+-----------------+------------+----------------------------------------------------------------------+-------------+--------------+
; |DUT                             ; 39 (0)      ; 0            ; 0          ; 20   ; 0            ; 39 (0)       ; 0 (0)             ; 0 (0)            ; 0 (0)           ; 0 (0)      ; |DUT                                                                 ; DUT         ; work         ;
;    |us:add_instance|             ; 39 (0)      ; 0            ; 0          ; 0    ; 0            ; 39 (0)       ; 0 (0)             ; 0 (0)            ; 0 (0)           ; 0 (0)      ; |DUT|us:add_instance                                                 ; us          ; work         ;
;       |bitreversal:part1|        ; 4 (0)       ; 0            ; 0          ; 0    ; 0            ; 4 (0)        ; 0 (0)             ; 0 (0)            ; 0 (0)           ; 0 (0)      ; |DUT|us:add_instance|bitreversal:part1                               ; bitreversal ; work         ;
;          |mux:\bit_reverse:4:m1| ; 1 (0)       ; 0            ; 0          ; 0    ; 0            ; 1 (0)        ; 0 (0)             ; 0 (0)            ; 0 (0)           ; 0 (0)      ; |DUT|us:add_instance|bitreversal:part1|mux:\bit_reverse:4:m1         ; mux         ; work         ;
;             |OR_2:O1|            ; 1 (1)       ; 0            ; 0          ; 0    ; 0            ; 1 (1)        ; 0 (0)             ; 0 (0)            ; 0 (0)           ; 0 (0)      ; |DUT|us:add_instance|bitreversal:part1|mux:\bit_reverse:4:m1|OR_2:O1 ; OR_2        ; work         ;
;          |mux:\bit_reverse:5:m1| ; 1 (0)       ; 0            ; 0          ; 0    ; 0            ; 1 (0)        ; 0 (0)             ; 0 (0)            ; 0 (0)           ; 0 (0)      ; |DUT|us:add_instance|bitreversal:part1|mux:\bit_reverse:5:m1         ; mux         ; work         ;
;             |OR_2:O1|            ; 1 (1)       ; 0            ; 0          ; 0    ; 0            ; 1 (1)        ; 0 (0)             ; 0 (0)            ; 0 (0)           ; 0 (0)      ; |DUT|us:add_instance|bitreversal:part1|mux:\bit_reverse:5:m1|OR_2:O1 ; OR_2        ; work         ;
;          |mux:\bit_reverse:6:m1| ; 1 (0)       ; 0            ; 0          ; 0    ; 0            ; 1 (0)        ; 0 (0)             ; 0 (0)            ; 0 (0)           ; 0 (0)      ; |DUT|us:add_instance|bitreversal:part1|mux:\bit_reverse:6:m1         ; mux         ; work         ;
;             |OR_2:O1|            ; 1 (1)       ; 0            ; 0          ; 0    ; 0            ; 1 (1)        ; 0 (0)             ; 0 (0)            ; 0 (0)           ; 0 (0)      ; |DUT|us:add_instance|bitreversal:part1|mux:\bit_reverse:6:m1|OR_2:O1 ; OR_2        ; work         ;
;          |mux:\bit_reverse:7:m1| ; 1 (0)       ; 0            ; 0          ; 0    ; 0            ; 1 (0)        ; 0 (0)             ; 0 (0)            ; 0 (0)           ; 0 (0)      ; |DUT|us:add_instance|bitreversal:part1|mux:\bit_reverse:7:m1         ; mux         ; work         ;
;             |OR_2:O1|            ; 1 (1)       ; 0            ; 0          ; 0    ; 0            ; 1 (1)        ; 0 (0)             ; 0 (0)            ; 0 (0)           ; 0 (0)      ; |DUT|us:add_instance|bitreversal:part1|mux:\bit_reverse:7:m1|OR_2:O1 ; OR_2        ; work         ;
;       |bitreversal:part5|        ; 9 (0)       ; 0            ; 0          ; 0    ; 0            ; 9 (0)        ; 0 (0)             ; 0 (0)            ; 0 (0)           ; 0 (0)      ; |DUT|us:add_instance|bitreversal:part5                               ; bitreversal ; work         ;
;          |mux:\bit_reverse:0:m1| ; 2 (0)       ; 0            ; 0          ; 0    ; 0            ; 2 (0)        ; 0 (0)             ; 0 (0)            ; 0 (0)           ; 0 (0)      ; |DUT|us:add_instance|bitreversal:part5|mux:\bit_reverse:0:m1         ; mux         ; work         ;
;             |OR_2:O1|            ; 2 (2)       ; 0            ; 0          ; 0    ; 0            ; 2 (2)        ; 0 (0)             ; 0 (0)            ; 0 (0)           ; 0 (0)      ; |DUT|us:add_instance|bitreversal:part5|mux:\bit_reverse:0:m1|OR_2:O1 ; OR_2        ; work         ;
;          |mux:\bit_reverse:1:m1| ; 1 (0)       ; 0            ; 0          ; 0    ; 0            ; 1 (0)        ; 0 (0)             ; 0 (0)            ; 0 (0)           ; 0 (0)      ; |DUT|us:add_instance|bitreversal:part5|mux:\bit_reverse:1:m1         ; mux         ; work         ;
;             |OR_2:O1|            ; 1 (1)       ; 0            ; 0          ; 0    ; 0            ; 1 (1)        ; 0 (0)             ; 0 (0)            ; 0 (0)           ; 0 (0)      ; |DUT|us:add_instance|bitreversal:part5|mux:\bit_reverse:1:m1|OR_2:O1 ; OR_2        ; work         ;
;          |mux:\bit_reverse:2:m1| ; 1 (0)       ; 0            ; 0          ; 0    ; 0            ; 1 (0)        ; 0 (0)             ; 0 (0)            ; 0 (0)           ; 0 (0)      ; |DUT|us:add_instance|bitreversal:part5|mux:\bit_reverse:2:m1         ; mux         ; work         ;
;             |OR_2:O1|            ; 1 (1)       ; 0            ; 0          ; 0    ; 0            ; 1 (1)        ; 0 (0)             ; 0 (0)            ; 0 (0)           ; 0 (0)      ; |DUT|us:add_instance|bitreversal:part5|mux:\bit_reverse:2:m1|OR_2:O1 ; OR_2        ; work         ;
;          |mux:\bit_reverse:3:m1| ; 1 (0)       ; 0            ; 0          ; 0    ; 0            ; 1 (0)        ; 0 (0)             ; 0 (0)            ; 0 (0)           ; 0 (0)      ; |DUT|us:add_instance|bitreversal:part5|mux:\bit_reverse:3:m1         ; mux         ; work         ;
;             |OR_2:O1|            ; 1 (1)       ; 0            ; 0          ; 0    ; 0            ; 1 (1)        ; 0 (0)             ; 0 (0)            ; 0 (0)           ; 0 (0)      ; |DUT|us:add_instance|bitreversal:part5|mux:\bit_reverse:3:m1|OR_2:O1 ; OR_2        ; work         ;
;          |mux:\bit_reverse:4:m1| ; 1 (0)       ; 0            ; 0          ; 0    ; 0            ; 1 (0)        ; 0 (0)             ; 0 (0)            ; 0 (0)           ; 0 (0)      ; |DUT|us:add_instance|bitreversal:part5|mux:\bit_reverse:4:m1         ; mux         ; work         ;
;             |OR_2:O1|            ; 1 (1)       ; 0            ; 0          ; 0    ; 0            ; 1 (1)        ; 0 (0)             ; 0 (0)            ; 0 (0)           ; 0 (0)      ; |DUT|us:add_instance|bitreversal:part5|mux:\bit_reverse:4:m1|OR_2:O1 ; OR_2        ; work         ;
;          |mux:\bit_reverse:5:m1| ; 1 (0)       ; 0            ; 0          ; 0    ; 0            ; 1 (0)        ; 0 (0)             ; 0 (0)            ; 0 (0)           ; 0 (0)      ; |DUT|us:add_instance|bitreversal:part5|mux:\bit_reverse:5:m1         ; mux         ; work         ;
;             |OR_2:O1|            ; 1 (1)       ; 0            ; 0          ; 0    ; 0            ; 1 (1)        ; 0 (0)             ; 0 (0)            ; 0 (0)           ; 0 (0)      ; |DUT|us:add_instance|bitreversal:part5|mux:\bit_reverse:5:m1|OR_2:O1 ; OR_2        ; work         ;
;          |mux:\bit_reverse:6:m1| ; 1 (0)       ; 0            ; 0          ; 0    ; 0            ; 1 (0)        ; 0 (0)             ; 0 (0)            ; 0 (0)           ; 0 (0)      ; |DUT|us:add_instance|bitreversal:part5|mux:\bit_reverse:6:m1         ; mux         ; work         ;
;             |OR_2:O1|            ; 1 (1)       ; 0            ; 0          ; 0    ; 0            ; 1 (1)        ; 0 (0)             ; 0 (0)            ; 0 (0)           ; 0 (0)      ; |DUT|us:add_instance|bitreversal:part5|mux:\bit_reverse:6:m1|OR_2:O1 ; OR_2        ; work         ;
;          |mux:\bit_reverse:7:m1| ; 1 (0)       ; 0            ; 0          ; 0    ; 0            ; 1 (0)        ; 0 (0)             ; 0 (0)            ; 0 (0)           ; 0 (0)      ; |DUT|us:add_instance|bitreversal:part5|mux:\bit_reverse:7:m1         ; mux         ; work         ;
;             |OR_2:O1|            ; 1 (1)       ; 0            ; 0          ; 0    ; 0            ; 1 (1)        ; 0 (0)             ; 0 (0)            ; 0 (0)           ; 0 (0)      ; |DUT|us:add_instance|bitreversal:part5|mux:\bit_reverse:7:m1|OR_2:O1 ; OR_2        ; work         ;
;       |right_1:part4|            ; 19 (0)      ; 0            ; 0          ; 0    ; 0            ; 19 (0)       ; 0 (0)             ; 0 (0)            ; 0 (0)           ; 0 (0)      ; |DUT|us:add_instance|right_1:part4                                   ; right_1     ; work         ;
;          |mux:\n1_bit:0:lsb:m2|  ; 4 (0)       ; 0            ; 0          ; 0    ; 0            ; 4 (0)        ; 0 (0)             ; 0 (0)            ; 0 (0)           ; 0 (0)      ; |DUT|us:add_instance|right_1:part4|mux:\n1_bit:0:lsb:m2              ; mux         ; work         ;
;             |OR_2:O1|            ; 4 (4)       ; 0            ; 0          ; 0    ; 0            ; 4 (4)        ; 0 (0)             ; 0 (0)            ; 0 (0)           ; 0 (0)      ; |DUT|us:add_instance|right_1:part4|mux:\n1_bit:0:lsb:m2|OR_2:O1      ; OR_2        ; work         ;
;          |mux:\n1_bit:1:lsb:m2|  ; 2 (0)       ; 0            ; 0          ; 0    ; 0            ; 2 (0)        ; 0 (0)             ; 0 (0)            ; 0 (0)           ; 0 (0)      ; |DUT|us:add_instance|right_1:part4|mux:\n1_bit:1:lsb:m2              ; mux         ; work         ;
;             |OR_2:O1|            ; 2 (2)       ; 0            ; 0          ; 0    ; 0            ; 2 (2)        ; 0 (0)             ; 0 (0)            ; 0 (0)           ; 0 (0)      ; |DUT|us:add_instance|right_1:part4|mux:\n1_bit:1:lsb:m2|OR_2:O1      ; OR_2        ; work         ;
;          |mux:\n1_bit:2:lsb:m2|  ; 3 (0)       ; 0            ; 0          ; 0    ; 0            ; 3 (0)        ; 0 (0)             ; 0 (0)            ; 0 (0)           ; 0 (0)      ; |DUT|us:add_instance|right_1:part4|mux:\n1_bit:2:lsb:m2              ; mux         ; work         ;
;             |OR_2:O1|            ; 3 (3)       ; 0            ; 0          ; 0    ; 0            ; 3 (3)        ; 0 (0)             ; 0 (0)            ; 0 (0)           ; 0 (0)      ; |DUT|us:add_instance|right_1:part4|mux:\n1_bit:2:lsb:m2|OR_2:O1      ; OR_2        ; work         ;
;          |mux:\n1_bit:3:lsb:m2|  ; 4 (0)       ; 0            ; 0          ; 0    ; 0            ; 4 (0)        ; 0 (0)             ; 0 (0)            ; 0 (0)           ; 0 (0)      ; |DUT|us:add_instance|right_1:part4|mux:\n1_bit:3:lsb:m2              ; mux         ; work         ;
;             |OR_2:O1|            ; 4 (4)       ; 0            ; 0          ; 0    ; 0            ; 4 (4)        ; 0 (0)             ; 0 (0)            ; 0 (0)           ; 0 (0)      ; |DUT|us:add_instance|right_1:part4|mux:\n1_bit:3:lsb:m2|OR_2:O1      ; OR_2        ; work         ;
;          |mux:\n1_bit:4:lsb:m2|  ; 3 (0)       ; 0            ; 0          ; 0    ; 0            ; 3 (0)        ; 0 (0)             ; 0 (0)            ; 0 (0)           ; 0 (0)      ; |DUT|us:add_instance|right_1:part4|mux:\n1_bit:4:lsb:m2              ; mux         ; work         ;
;             |OR_2:O1|            ; 3 (3)       ; 0            ; 0          ; 0    ; 0            ; 3 (3)        ; 0 (0)             ; 0 (0)            ; 0 (0)           ; 0 (0)      ; |DUT|us:add_instance|right_1:part4|mux:\n1_bit:4:lsb:m2|OR_2:O1      ; OR_2        ; work         ;
;          |mux:\n1_bit:5:lsb:m2|  ; 2 (0)       ; 0            ; 0          ; 0    ; 0            ; 2 (0)        ; 0 (0)             ; 0 (0)            ; 0 (0)           ; 0 (0)      ; |DUT|us:add_instance|right_1:part4|mux:\n1_bit:5:lsb:m2              ; mux         ; work         ;
;             |OR_2:O1|            ; 2 (2)       ; 0            ; 0          ; 0    ; 0            ; 2 (2)        ; 0 (0)             ; 0 (0)            ; 0 (0)           ; 0 (0)      ; |DUT|us:add_instance|right_1:part4|mux:\n1_bit:5:lsb:m2|OR_2:O1      ; OR_2        ; work         ;
;          |mux:\n1_bit:6:lsb:m2|  ; 1 (0)       ; 0            ; 0          ; 0    ; 0            ; 1 (0)        ; 0 (0)             ; 0 (0)            ; 0 (0)           ; 0 (0)      ; |DUT|us:add_instance|right_1:part4|mux:\n1_bit:6:lsb:m2              ; mux         ; work         ;
;             |OR_2:O1|            ; 1 (1)       ; 0            ; 0          ; 0    ; 0            ; 1 (1)        ; 0 (0)             ; 0 (0)            ; 0 (0)           ; 0 (0)      ; |DUT|us:add_instance|right_1:part4|mux:\n1_bit:6:lsb:m2|OR_2:O1      ; OR_2        ; work         ;
;       |right_2:part3|            ; 3 (0)       ; 0            ; 0          ; 0    ; 0            ; 3 (0)        ; 0 (0)             ; 0 (0)            ; 0 (0)           ; 0 (0)      ; |DUT|us:add_instance|right_2:part3                                   ; right_2     ; work         ;
;          |mux:\n2_bit:1:lsb:m2|  ; 3 (0)       ; 0            ; 0          ; 0    ; 0            ; 3 (0)        ; 0 (0)             ; 0 (0)            ; 0 (0)           ; 0 (0)      ; |DUT|us:add_instance|right_2:part3|mux:\n2_bit:1:lsb:m2              ; mux         ; work         ;
;             |OR_2:O1|            ; 3 (3)       ; 0            ; 0          ; 0    ; 0            ; 3 (3)        ; 0 (0)             ; 0 (0)            ; 0 (0)           ; 0 (0)      ; |DUT|us:add_instance|right_2:part3|mux:\n2_bit:1:lsb:m2|OR_2:O1      ; OR_2        ; work         ;
;       |right_4:part2|            ; 4 (0)       ; 0            ; 0          ; 0    ; 0            ; 4 (0)        ; 0 (0)             ; 0 (0)            ; 0 (0)           ; 0 (0)      ; |DUT|us:add_instance|right_4:part2                                   ; right_4     ; work         ;
;          |mux:\n1_bit:2:lsb:m2|  ; 2 (0)       ; 0            ; 0          ; 0    ; 0            ; 2 (0)        ; 0 (0)             ; 0 (0)            ; 0 (0)           ; 0 (0)      ; |DUT|us:add_instance|right_4:part2|mux:\n1_bit:2:lsb:m2              ; mux         ; work         ;
;             |OR_2:O1|            ; 2 (2)       ; 0            ; 0          ; 0    ; 0            ; 2 (2)        ; 0 (0)             ; 0 (0)            ; 0 (0)           ; 0 (0)      ; |DUT|us:add_instance|right_4:part2|mux:\n1_bit:2:lsb:m2|OR_2:O1      ; OR_2        ; work         ;
;          |mux:\n1_bit:3:lsb:m2|  ; 2 (0)       ; 0            ; 0          ; 0    ; 0            ; 2 (0)        ; 0 (0)             ; 0 (0)            ; 0 (0)           ; 0 (0)      ; |DUT|us:add_instance|right_4:part2|mux:\n1_bit:3:lsb:m2              ; mux         ; work         ;
;             |OR_2:O1|            ; 2 (2)       ; 0            ; 0          ; 0    ; 0            ; 2 (2)        ; 0 (0)             ; 0 (0)            ; 0 (0)           ; 0 (0)      ; |DUT|us:add_instance|right_4:part2|mux:\n1_bit:3:lsb:m2|OR_2:O1      ; OR_2        ; work         ;
+----------------------------------+-------------+--------------+------------+------+--------------+--------------+-------------------+------------------+-----------------+------------+----------------------------------------------------------------------+-------------+--------------+
Note: For table entries with two numbers listed, the numbers in parentheses indicate the number of resources of the given type used by the specific entity alone. The numbers listed outside of parentheses indicate the total resources of the given type used by the specific entity and all of its sub-entities in the hierarchy.


+------------------------------------------------------+
; General Register Statistics                          ;
+----------------------------------------------+-------+
; Statistic                                    ; Value ;
+----------------------------------------------+-------+
; Total registers                              ; 0     ;
; Number of registers using Synchronous Clear  ; 0     ;
; Number of registers using Synchronous Load   ; 0     ;
; Number of registers using Asynchronous Clear ; 0     ;
; Number of registers using Asynchronous Load  ; 0     ;
; Number of registers using Clock Enable       ; 0     ;
; Number of registers using Preset             ; 0     ;
+----------------------------------------------+-------+


+---------------------------------------------------------------------------------------------------------------------------------------------------------------------------------+
; Multiplexer Restructuring Statistics (Restructuring Performed)                                                                                                                  ;
+--------------------+-----------+---------------+----------------------+------------------------+------------+-------------------------------------------------------------------+
; Multiplexer Inputs ; Bus Width ; Baseline Area ; Area if Restructured ; Saving if Restructured ; Registered ; Example Multiplexer Output                                        ;
+--------------------+-----------+---------------+----------------------+------------------------+------------+-------------------------------------------------------------------+
; 3:1                ; 2 bits    ; 4 LEs         ; 4 LEs                ; 0 LEs                  ; No         ; |DUT|us:add_instance|right_4:part2|mux:\n1_bit:3:lsb:m2|OR_2:O1|Y ;
+--------------------+-----------+---------------+----------------------+------------------------+------------+-------------------------------------------------------------------+


+--------------------------------------------------------------------------------+
; Port Connectivity Checks: "us:add_instance|right_1:part4|mux:\n1_bit:7:msb:m2" ;
+------+-------+----------+------------------------------------------------------+
; Port ; Type  ; Severity ; Details                                              ;
+------+-------+----------+------------------------------------------------------+
; i0   ; Input ; Info     ; Stuck at GND                                         ;
+------+-------+----------+------------------------------------------------------+


+--------------------------------------------------------------------------------+
; Port Connectivity Checks: "us:add_instance|right_2:part3|mux:\n2_bit:7:msb:m2" ;
+------+-------+----------+------------------------------------------------------+
; Port ; Type  ; Severity ; Details                                              ;
+------+-------+----------+------------------------------------------------------+
; i0   ; Input ; Info     ; Stuck at GND                                         ;
+------+-------+----------+------------------------------------------------------+


+--------------------------------------------------------------------------------+
; Port Connectivity Checks: "us:add_instance|right_2:part3|mux:\n2_bit:6:msb:m2" ;
+------+-------+----------+------------------------------------------------------+
; Port ; Type  ; Severity ; Details                                              ;
+------+-------+----------+------------------------------------------------------+
; i0   ; Input ; Info     ; Stuck at GND                                         ;
+------+-------+----------+------------------------------------------------------+


+--------------------------------------------------------------------------------+
; Port Connectivity Checks: "us:add_instance|right_4:part2|mux:\n1_bit:7:msb:m2" ;
+------+-------+----------+------------------------------------------------------+
; Port ; Type  ; Severity ; Details                                              ;
+------+-------+----------+------------------------------------------------------+
; i0   ; Input ; Info     ; Stuck at GND                                         ;
+------+-------+----------+------------------------------------------------------+


+--------------------------------------------------------------------------------+
; Port Connectivity Checks: "us:add_instance|right_4:part2|mux:\n1_bit:6:msb:m2" ;
+------+-------+----------+------------------------------------------------------+
; Port ; Type  ; Severity ; Details                                              ;
+------+-------+----------+------------------------------------------------------+
; i0   ; Input ; Info     ; Stuck at GND                                         ;
+------+-------+----------+------------------------------------------------------+


+--------------------------------------------------------------------------------+
; Port Connectivity Checks: "us:add_instance|right_4:part2|mux:\n1_bit:5:msb:m2" ;
+------+-------+----------+------------------------------------------------------+
; Port ; Type  ; Severity ; Details                                              ;
+------+-------+----------+------------------------------------------------------+
; i0   ; Input ; Info     ; Stuck at GND                                         ;
+------+-------+----------+------------------------------------------------------+


+--------------------------------------------------------------------------------+
; Port Connectivity Checks: "us:add_instance|right_4:part2|mux:\n1_bit:4:msb:m2" ;
+------+-------+----------+------------------------------------------------------+
; Port ; Type  ; Severity ; Details                                              ;
+------+-------+----------+------------------------------------------------------+
; i0   ; Input ; Info     ; Stuck at GND                                         ;
+------+-------+----------+------------------------------------------------------+


+-------------------------------+
; Analysis & Synthesis Messages ;
+-------------------------------+
Info: *******************************************************************
Info: Running Quartus Prime Analysis & Synthesis
    Info: Version 20.1.1 Build 720 11/11/2020 SJ Lite Edition
    Info: Processing started: Sun Sep 19 01:35:44 2021
Info: Command: quartus_map --read_settings_files=on --write_settings_files=off shifter -c DUT
Warning (18236): Number of processors has not been specified which may cause overloading on shared machines.  Set the global assignment NUM_PARALLEL_PROCESSORS in your QSF to an appropriate value for best performance.
Info (20030): Parallel compilation is enabled and will use 4 of the 4 processors detected
Info (12021): Found 2 design units, including 1 entities, in source file scan_chain_files/v_jtag/synthesis/v_jtag.vhd
    Info (12022): Found design unit 1: v_jtag-rtl File: C:/Users/hp/Desktop/shifter/Scan_Chain_Files/v_jtag/synthesis/v_jtag.vhd Line: 44
    Info (12023): Found entity 1: v_jtag File: C:/Users/hp/Desktop/shifter/Scan_Chain_Files/v_jtag/synthesis/v_jtag.vhd Line: 9
Info (12021): Found 2 design units, including 1 entities, in source file scan_chain_files/v_jtag/synthesis/v_jtag.vhd
    Info (12022): Found design unit 1: v_jtag-rtl File: C:/Users/hp/Desktop/shifter/Scan_Chain_Files/v_jtag/synthesis/v_jtag.vhd Line: 44
    Info (12023): Found entity 1: v_jtag File: C:/Users/hp/Desktop/shifter/Scan_Chain_Files/v_jtag/synthesis/v_jtag.vhd Line: 9
Info (12021): Found 2 design units, including 1 entities, in source file scan_chain_files/toplevel.vhdl
    Info (12022): Found design unit 1: TopLevel-Struct File: C:/Users/hp/Desktop/shifter/Scan_Chain_Files/TopLevel.vhdl Line: 13
    Info (12023): Found entity 1: TopLevel File: C:/Users/hp/Desktop/shifter/Scan_Chain_Files/TopLevel.vhdl Line: 5
Info (12021): Found 2 design units, including 1 entities, in source file dut.vhd
    Info (12022): Found design unit 1: DUT-DutWrap File: C:/Users/hp/Desktop/shifter/DUT.vhd Line: 8
    Info (12023): Found entity 1: DUT File: C:/Users/hp/Desktop/shifter/DUT.vhd Line: 3
Info (12021): Found 21 design units, including 10 entities, in source file gates.vhd
    Info (12022): Found design unit 1: Gates File: C:/Users/hp/Desktop/shifter/gates.vhd Line: 3
    Info (12022): Found design unit 2: INVERTER-Equations File: C:/Users/hp/Desktop/shifter/gates.vhd Line: 53
    Info (12022): Found design unit 3: AND_2-Equations File: C:/Users/hp/Desktop/shifter/gates.vhd Line: 65
    Info (12022): Found design unit 4: NAND_2-Equations File: C:/Users/hp/Desktop/shifter/gates.vhd Line: 76
    Info (12022): Found design unit 5: OR_2-Equations File: C:/Users/hp/Desktop/shifter/gates.vhd Line: 87
    Info (12022): Found design unit 6: NOR_2-Equations File: C:/Users/hp/Desktop/shifter/gates.vhd Line: 98
    Info (12022): Found design unit 7: XOR_2-Equations File: C:/Users/hp/Desktop/shifter/gates.vhd Line: 110
    Info (12022): Found design unit 8: XNOR_2-Equations File: C:/Users/hp/Desktop/shifter/gates.vhd Line: 121
    Info (12022): Found design unit 9: HALF_ADDER-Equations File: C:/Users/hp/Desktop/shifter/gates.vhd Line: 132
    Info (12022): Found design unit 10: AND_3-Equations File: C:/Users/hp/Desktop/shifter/gates.vhd Line: 144
    Info (12022): Found design unit 11: NOR_3-Equations File: C:/Users/hp/Desktop/shifter/gates.vhd Line: 155
    Info (12023): Found entity 1: INVERTER File: C:/Users/hp/Desktop/shifter/gates.vhd Line: 49
    Info (12023): Found entity 2: AND_2 File: C:/Users/hp/Desktop/shifter/gates.vhd Line: 61
    Info (12023): Found entity 3: NAND_2 File: C:/Users/hp/Desktop/shifter/gates.vhd Line: 72
    Info (12023): Found entity 4: OR_2 File: C:/Users/hp/Desktop/shifter/gates.vhd Line: 83
    Info (12023): Found entity 5: NOR_2 File: C:/Users/hp/Desktop/shifter/gates.vhd Line: 94
    Info (12023): Found entity 6: XOR_2 File: C:/Users/hp/Desktop/shifter/gates.vhd Line: 106
    Info (12023): Found entity 7: XNOR_2 File: C:/Users/hp/Desktop/shifter/gates.vhd Line: 117
    Info (12023): Found entity 8: HALF_ADDER File: C:/Users/hp/Desktop/shifter/gates.vhd Line: 128
    Info (12023): Found entity 9: AND_3 File: C:/Users/hp/Desktop/shifter/gates.vhd Line: 140
    Info (12023): Found entity 10: NOR_3 File: C:/Users/hp/Desktop/shifter/gates.vhd Line: 151
Info (12021): Found 2 design units, including 1 entities, in source file testbench.vhd
    Info (12022): Found design unit 1: Testbench-Behave File: C:/Users/hp/Desktop/shifter/Testbench.vhd Line: 9
    Info (12023): Found entity 1: Testbench File: C:/Users/hp/Desktop/shifter/Testbench.vhd Line: 7
Warning (12090): Entity "mux" obtained from "mux.vhd" instead of from Quartus Prime megafunction library File: C:/Users/hp/Desktop/shifter/mux.vhd Line: 15
Info (12021): Found 3 design units, including 1 entities, in source file mux.vhd
    Info (12022): Found design unit 1: MUX_2x1 File: C:/Users/hp/Desktop/shifter/mux.vhd Line: 5
    Info (12022): Found design unit 2: mux-Struct File: C:/Users/hp/Desktop/shifter/mux.vhd Line: 18
    Info (12023): Found entity 1: mux File: C:/Users/hp/Desktop/shifter/mux.vhd Line: 15
Info (12021): Found 2 design units, including 1 entities, in source file right_1.vhd
    Info (12022): Found design unit 1: right_1-Struct File: C:/Users/hp/Desktop/shifter/right_1.vhd Line: 14
    Info (12023): Found entity 1: right_1 File: C:/Users/hp/Desktop/shifter/right_1.vhd Line: 9
Info (12021): Found 2 design units, including 1 entities, in source file right_2.vhd
    Info (12022): Found design unit 1: right_2-Struct File: C:/Users/hp/Desktop/shifter/right_2.vhd Line: 14
    Info (12023): Found entity 1: right_2 File: C:/Users/hp/Desktop/shifter/right_2.vhd Line: 9
Info (12021): Found 2 design units, including 1 entities, in source file right_4.vhd
    Info (12022): Found design unit 1: right_4-Struct File: C:/Users/hp/Desktop/shifter/right_4.vhd Line: 14
    Info (12023): Found entity 1: right_4 File: C:/Users/hp/Desktop/shifter/right_4.vhd Line: 9
Info (12021): Found 2 design units, including 1 entities, in source file bitreversal.vhd
    Info (12022): Found design unit 1: bitreversal-Design File: C:/Users/hp/Desktop/shifter/bitreversal.vhd Line: 12
    Info (12023): Found entity 1: bitreversal File: C:/Users/hp/Desktop/shifter/bitreversal.vhd Line: 7
Info (12021): Found 2 design units, including 1 entities, in source file us.vhd
    Info (12022): Found design unit 1: us-Str File: C:/Users/hp/Desktop/shifter/us.vhd Line: 15
    Info (12023): Found entity 1: us File: C:/Users/hp/Desktop/shifter/us.vhd Line: 8
Info (12127): Elaborating entity "DUT" for the top level hierarchy
Info (12128): Elaborating entity "us" for hierarchy "us:add_instance" File: C:/Users/hp/Desktop/shifter/DUT.vhd Line: 19
Info (12128): Elaborating entity "bitreversal" for hierarchy "us:add_instance|bitreversal:part1" File: C:/Users/hp/Desktop/shifter/us.vhd Line: 48
Info (12128): Elaborating entity "mux" for hierarchy "us:add_instance|bitreversal:part1|mux:\bit_reverse:0:m1" File: C:/Users/hp/Desktop/shifter/bitreversal.vhd Line: 17
Info (12128): Elaborating entity "INVERTER" for hierarchy "us:add_instance|bitreversal:part1|mux:\bit_reverse:0:m1|INVERTER:n1" File: C:/Users/hp/Desktop/shifter/mux.vhd Line: 22
Info (12128): Elaborating entity "AND_2" for hierarchy "us:add_instance|bitreversal:part1|mux:\bit_reverse:0:m1|AND_2:a1" File: C:/Users/hp/Desktop/shifter/mux.vhd Line: 24
Info (12128): Elaborating entity "OR_2" for hierarchy "us:add_instance|bitreversal:part1|mux:\bit_reverse:0:m1|OR_2:O1" File: C:/Users/hp/Desktop/shifter/mux.vhd Line: 27
Info (12128): Elaborating entity "right_4" for hierarchy "us:add_instance|right_4:part2" File: C:/Users/hp/Desktop/shifter/us.vhd Line: 50
Info (12128): Elaborating entity "right_2" for hierarchy "us:add_instance|right_2:part3" File: C:/Users/hp/Desktop/shifter/us.vhd Line: 52
Info (12128): Elaborating entity "right_1" for hierarchy "us:add_instance|right_1:part4" File: C:/Users/hp/Desktop/shifter/us.vhd Line: 54
Info (21057): Implemented 59 device resources after synthesis - the final resource count might be different
    Info (21058): Implemented 12 input pins
    Info (21059): Implemented 8 output pins
    Info (21061): Implemented 39 logic cells
Warning (20013): Ignored 15 assignments for entity "sld_virtual_jtag" -- entity does not exist in design
Warning (20013): Ignored 16 assignments for entity "v_jtag" -- entity does not exist in design
Info: Quartus Prime Analysis & Synthesis was successful. 0 errors, 4 warnings
    Info: Peak virtual memory: 4750 megabytes
    Info: Processing ended: Sun Sep 19 01:35:57 2021
    Info: Elapsed time: 00:00:13
    Info: Total CPU time (on all processors): 00:00:34


